# JRE version: Java(TM) SE Runtime Environment (21.0.2+13) (build 21.0.2+13-LTS-58)
# Java VM: Java HotSpot(TM) 64-Bit Server VM (21.0.2+13-LTS-58, mixed mode, sharing, tiered, compressed oops, compressed class ptrs, g1 gc, windows-amd64)
GC Precious Log:
 CardTable entry size: 512
 Card Set container configuration: InlinePtr #cards 5 size 8 Array Of Cards #cards 12 size 40 Howl #buckets 4 coarsen threshold 1843 Howl Bitmap #cards 512 size 80 coarsen threshold 460 Card regions per heap region 1 cards per card region 2048
 CPUs: 8 total, 8 available
 Memory: 8035M
 Large Page Support: Disabled
 NUMA Support: Disabled
 Compressed Oops: Enabled (32-bit)
 Heap Region Size: 1M
 Heap Min Capacity: 8M
 Heap Initial Capacity: 126M
 Heap Max Capacity: 2010M
 Pre-touch: Disabled
 Parallel Workers: 8
 Concurrent Workers: 2
 Concurrent Refinement Workers: 8
 Periodic GC: Disabled
Heap:
 garbage-first heap   total 48128K, used 34431K [0x0000000082600000, 0x0000000100000000)
  region size 1024K, 16 young (16384K), 2 survivors (2048K)
 Metaspace       used 51291K, committed 51776K, reserved 1114112K
  class space    used 6698K, committed 6912K, reserved 1048576K
GC Heap History (16 events):
Event: 1.514 GC heap before
{Heap before GC invocations=0 (full 0):
 garbage-first heap   total 129024K, used 23552K [0x0000000082600000, 0x0000000100000000)
  region size 1024K, 23 young (23552K), 0 survivors (0K)
 Metaspace       used 6217K, committed 6400K, reserved 1114112K
  class space    used 697K, committed 768K, reserved 1048576K
}
Event: 1.522 GC heap after
{Heap after GC invocations=1 (full 0):
 garbage-first heap   total 129024K, used 6655K [0x0000000082600000, 0x0000000100000000)
  region size 1024K, 3 young (3072K), 3 survivors (3072K)
 Metaspace       used 6217K, committed 6400K, reserved 1114112K
  class space    used 697K, committed 768K, reserved 1048576K
}
Event: 2.389 GC heap before
{Heap before GC invocations=1 (full 0):
 garbage-first heap   total 129024K, used 35327K [0x0000000082600000, 0x0000000100000000)
  region size 1024K, 32 young (32768K), 3 survivors (3072K)
 Metaspace       used 14070K, committed 14336K, reserved 1114112K
  class space    used 1711K, committed 1856K, reserved 1048576K
}
Event: 2.396 GC heap after
{Heap after GC invocations=2 (full 0):
 garbage-first heap   total 129024K, used 8715K [0x0000000082600000, 0x0000000100000000)
  region size 1024K, 2 young (2048K), 2 survivors (2048K)
 Metaspace       used 14070K, committed 14336K, reserved 1114112K
  class space    used 1711K, committed 1856K, reserved 1048576K
}
Event: 4.623 GC heap before
{Heap before GC invocations=2 (full 0):
 garbage-first heap   total 129024K, used 54795K [0x0000000082600000, 0x0000000100000000)
  region size 1024K, 48 young (49152K), 2 survivors (2048K)
 Metaspace       used 21224K, committed 21504K, reserved 1114112K
  class space    used 2605K, committed 2752K, reserved 1048576K
}
Event: 4.631 GC heap after
{Heap after GC invocations=3 (full 0):
 garbage-first heap   total 129024K, used 12142K [0x0000000082600000, 0x0000000100000000)
  region size 1024K, 6 young (6144K), 6 survivors (6144K)
 Metaspace       used 21224K, committed 21504K, reserved 1114112K
  class space    used 2605K, committed 2752K, reserved 1048576K
}
Event: 5.826 GC heap before
{Heap before GC invocations=4 (full 0):
 garbage-first heap   total 48128K, used 34670K [0x0000000082600000, 0x0000000100000000)
  region size 1024K, 28 young (28672K), 6 survivors (6144K)
 Metaspace       used 25922K, committed 26240K, reserved 1114112K
  class space    used 3197K, committed 3328K, reserved 1048576K
}
Event: 5.838 GC heap after
{Heap after GC invocations=5 (full 0):
 garbage-first heap   total 48128K, used 14800K [0x0000000082600000, 0x0000000100000000)
  region size 1024K, 3 young (3072K), 3 survivors (3072K)
 Metaspace       used 25922K, committed 26240K, reserved 1114112K
  class space    used 3197K, committed 3328K, reserved 1048576K
}
Event: 6.845 GC heap before
{Heap before GC invocations=5 (full 0):
 garbage-first heap   total 48128K, used 35280K [0x0000000082600000, 0x0000000100000000)
  region size 1024K, 24 young (24576K), 3 survivors (3072K)
 Metaspace       used 31305K, committed 31616K, reserved 1114112K
  class space    used 4054K, committed 4160K, reserved 1048576K
}
Event: 6.851 GC heap after
{Heap after GC invocations=6 (full 0):
 garbage-first heap   total 48128K, used 16150K [0x0000000082600000, 0x0000000100000000)
  region size 1024K, 2 young (2048K), 2 survivors (2048K)
 Metaspace       used 31305K, committed 31616K, reserved 1114112K
  class space    used 4054K, committed 4160K, reserved 1048576K
}
Event: 7.288 GC heap before
{Heap before GC invocations=6 (full 0):
 garbage-first heap   total 48128K, used 25366K [0x0000000082600000, 0x0000000100000000)
  region size 1024K, 12 young (12288K), 2 survivors (2048K)
 Metaspace       used 35627K, committed 35968K, reserved 1114112K
  class space    used 4568K, committed 4736K, reserved 1048576K
}
Event: 7.295 GC heap after
{Heap after GC invocations=7 (full 0):
 garbage-first heap   total 48128K, used 17921K [0x0000000082600000, 0x0000000100000000)
  region size 1024K, 3 young (3072K), 3 survivors (3072K)
 Metaspace       used 35627K, committed 35968K, reserved 1114112K
  class space    used 4568K, committed 4736K, reserved 1048576K
}
Event: 8.798 GC heap before
{Heap before GC invocations=8 (full 0):
 garbage-first heap   total 48128K, used 39425K [0x0000000082600000, 0x0000000100000000)
  region size 1024K, 24 young (24576K), 3 survivors (3072K)
 Metaspace       used 44062K, committed 44480K, reserved 1114112K
  class space    used 5609K, committed 5824K, reserved 1048576K
}
Event: 8.804 GC heap after
{Heap after GC invocations=9 (full 0):
 garbage-first heap   total 48128K, used 20119K [0x0000000082600000, 0x0000000100000000)
  region size 1024K, 3 young (3072K), 3 survivors (3072K)
 Metaspace       used 44062K, committed 44480K, reserved 1114112K
  class space    used 5609K, committed 5824K, reserved 1048576K
}
Event: 9.866 GC heap before
{Heap before GC invocations=9 (full 0):
 garbage-first heap   total 48128K, used 39575K [0x0000000082600000, 0x0000000100000000)
  region size 1024K, 22 young (22528K), 3 survivors (3072K)
 Metaspace       used 49253K, committed 49664K, reserved 1114112K
  class space    used 6424K, committed 6592K, reserved 1048576K
}
Event: 9.872 GC heap after
{Heap after GC invocations=10 (full 0):
 garbage-first heap   total 48128K, used 21119K [0x0000000082600000, 0x0000000100000000)
  region size 1024K, 2 young (2048K), 2 survivors (2048K)
 Metaspace       used 49253K, committed 49664K, reserved 1114112K
  class space    used 6424K, committed 6592K, reserved 1048576K
}

